<?xml version="1.0" encoding="UTF-8"?>
<!-- Generated by org.testng.reporters.JUnitXMLReporter -->
<testsuite ignored="0" hostname="LAPTOP-H519OSTH" failures="0" tests="5" name="Default test" time="204.029" errors="0" timestamp="2022-10-18T00:35:16 BDT">
  <testcase classname="tests.AddItems" name="addOfferItems" time="30.833"/>
  <testcase classname="tests.AddItems" name="addFoodItems" time="44.558"/>
  <testcase classname="tests.AddItems" name="addBeautyItems" time="42.734"/>
  <testcase classname="tests.AddItems" name="addToyItems" time="28.968"/>
  <testcase classname="tests.AddItems" name="addPersonalCareItems" time="38.894"/>
</testsuite> <!-- Default test -->
