<?xml version="1.0" encoding="UTF-8"?>
<!-- Generated by org.testng.reporters.JUnitXMLReporter -->
<testsuite ignored="0" hostname="LAPTOP-H519OSTH" failures="0" tests="8" name="Test" time="255.731" errors="0" timestamp="2022-10-18T23:45:51 BDT">
  <testcase classname="tests.AddItems" name="addOfferItems" time="30.787"/>
  <testcase classname="tests.AddItems" name="addFoodItems" time="44.507"/>
  <testcase classname="tests.AddItems" name="addBeautyItems" time="42.654"/>
  <testcase classname="tests.AddItems" name="addToyItems" time="29.121"/>
  <testcase classname="tests.AddItems" name="addPersonalCareItems" time="38.772"/>
  <testcase classname="tests.AddItems" name="searchAndAddItem" time="15.561"/>
  <testcase classname="tests.GoToCart" name="checkout" time="26.953"/>
  <testcase classname="tests.GoToCart" name="removeItem" time="7.752"/>
</testsuite> <!-- Test -->
