<?xml version="1.0" encoding="UTF-8"?>
<testng-results ignored="0" total="8" passed="8" failed="0" skipped="0">
  <reporter-output>
  </reporter-output>
  <suite started-at="2022-10-18T23:41:36 BDT" name="Suite" finished-at="2022-10-18T23:45:51 BDT" duration-ms="255731">
    <groups>
    </groups>
    <test started-at="2022-10-18T23:41:36 BDT" name="Test" finished-at="2022-10-18T23:45:51 BDT" duration-ms="255731">
      <class name="tests.GoToCart">
        <test-method is-config="true" signature="startUrl()[pri:0, instance:tests.GoToCart@15bb5034]" started-at="2022-10-18T23:45:16 BDT" name="startUrl" finished-at="2022-10-18T23:45:16 BDT" duration-ms="12" status="PASS">
          <reporter-output>
          </reporter-output>
        </test-method> <!-- startUrl -->
        <test-method signature="checkout()[pri:0, instance:tests.GoToCart@15bb5034]" started-at="2022-10-18T23:45:16 BDT" name="checkout" finished-at="2022-10-18T23:45:43 BDT" duration-ms="26953" status="PASS">
          <reporter-output>
          </reporter-output>
        </test-method> <!-- checkout -->
        <test-method signature="removeItem()[pri:1, instance:tests.GoToCart@15bb5034]" started-at="2022-10-18T23:45:43 BDT" name="removeItem" finished-at="2022-10-18T23:45:51 BDT" duration-ms="7752" status="PASS">
          <reporter-output>
          </reporter-output>
        </test-method> <!-- removeItem -->
        <test-method is-config="true" signature="afterClass()[pri:0, instance:tests.GoToCart@15bb5034]" started-at="2022-10-18T23:45:51 BDT" name="afterClass" finished-at="2022-10-18T23:45:51 BDT" duration-ms="303" status="PASS">
          <reporter-output>
          </reporter-output>
        </test-method> <!-- afterClass -->
      </class> <!-- tests.GoToCart -->
      <class name="tests.AddItems">
        <test-method is-config="true" signature="start()[pri:0, instance:tests.AddItems@76a4ebf2]" started-at="2022-10-18T23:41:34 BDT" name="start" finished-at="2022-10-18T23:41:36 BDT" duration-ms="1861" status="PASS">
          <reporter-output>
          </reporter-output>
        </test-method> <!-- start -->
        <test-method is-config="true" signature="openUrl()[pri:0, instance:tests.AddItems@76a4ebf2]" started-at="2022-10-18T23:41:36 BDT" name="openUrl" finished-at="2022-10-18T23:41:54 BDT" duration-ms="18382" status="PASS">
          <reporter-output>
          </reporter-output>
        </test-method> <!-- openUrl -->
        <test-method signature="addOfferItems()[pri:0, instance:tests.AddItems@76a4ebf2]" started-at="2022-10-18T23:41:54 BDT" name="addOfferItems" finished-at="2022-10-18T23:42:25 BDT" duration-ms="30787" status="PASS">
          <reporter-output>
          </reporter-output>
        </test-method> <!-- addOfferItems -->
        <test-method signature="addFoodItems()[pri:1, instance:tests.AddItems@76a4ebf2]" started-at="2022-10-18T23:42:25 BDT" name="addFoodItems" finished-at="2022-10-18T23:43:09 BDT" duration-ms="44507" status="PASS">
          <reporter-output>
          </reporter-output>
        </test-method> <!-- addFoodItems -->
        <test-method signature="addBeautyItems()[pri:2, instance:tests.AddItems@76a4ebf2]" started-at="2022-10-18T23:43:09 BDT" name="addBeautyItems" finished-at="2022-10-18T23:43:52 BDT" duration-ms="42654" status="PASS">
          <reporter-output>
          </reporter-output>
        </test-method> <!-- addBeautyItems -->
        <test-method signature="addToyItems()[pri:3, instance:tests.AddItems@76a4ebf2]" started-at="2022-10-18T23:43:52 BDT" name="addToyItems" finished-at="2022-10-18T23:44:21 BDT" duration-ms="29121" status="PASS">
          <reporter-output>
          </reporter-output>
        </test-method> <!-- addToyItems -->
        <test-method signature="addPersonalCareItems()[pri:4, instance:tests.AddItems@76a4ebf2]" started-at="2022-10-18T23:44:21 BDT" name="addPersonalCareItems" finished-at="2022-10-18T23:45:00 BDT" duration-ms="38772" status="PASS">
          <reporter-output>
          </reporter-output>
        </test-method> <!-- addPersonalCareItems -->
        <test-method signature="searchAndAddItem()[pri:5, instance:tests.AddItems@76a4ebf2]" started-at="2022-10-18T23:45:00 BDT" name="searchAndAddItem" finished-at="2022-10-18T23:45:16 BDT" duration-ms="15561" status="PASS">
          <reporter-output>
          </reporter-output>
        </test-method> <!-- searchAndAddItem -->
        <test-method is-config="true" signature="afterClass()[pri:0, instance:tests.AddItems@76a4ebf2]" started-at="2022-10-18T23:45:16 BDT" name="afterClass" finished-at="2022-10-18T23:45:16 BDT" duration-ms="846" status="PASS">
          <reporter-output>
          </reporter-output>
        </test-method> <!-- afterClass -->
        <test-method is-config="true" signature="close()[pri:0, instance:tests.AddItems@76a4ebf2]" started-at="2022-10-18T23:45:51 BDT" name="close" finished-at="2022-10-18T23:45:52 BDT" duration-ms="250" status="PASS">
          <reporter-output>
          </reporter-output>
        </test-method> <!-- close -->
      </class> <!-- tests.AddItems -->
    </test> <!-- Test -->
  </suite> <!-- Suite -->
</testng-results>
